0 info it worked if it ends with ok
1 verbose cli [ '/usr/local/bin/node', '/usr/local/bin/npm', 'start' ]
2 info using npm@3.10.3
3 info using node@v6.3.1
4 verbose run-script [ 'prestart', 'start', 'poststart' ]
5 info lifecycle react-scripts@0.3.0-alpha~prestart: react-scripts@0.3.0-alpha
6 silly lifecycle react-scripts@0.3.0-alpha~prestart: no script for prestart, continuing
7 info lifecycle react-scripts@0.3.0-alpha~start: react-scripts@0.3.0-alpha
8 verbose lifecycle react-scripts@0.3.0-alpha~start: unsafe-perm in lifecycle true
9 verbose lifecycle react-scripts@0.3.0-alpha~start: PATH: /usr/local/lib/node_modules/npm/bin/node-gyp-bin:/Users/newton/Science/create-react-app/node_modules/.bin:/usr/local/bin:.git/safe/../../bin:/Users/newton/.rbenv/shims:/Users/newton/.bin:/usr/local/sbin:/usr/local/bin:/usr/bin:/bin:/usr/sbin:/sbin:/usr/local/go/bin
10 verbose lifecycle react-scripts@0.3.0-alpha~start: CWD: /Users/newton/Science/create-react-app
11 silly lifecycle react-scripts@0.3.0-alpha~start: Args: [ '-c', 'node scripts/start.js --debug-template' ]
12 silly lifecycle react-scripts@0.3.0-alpha~start: Returned: code: 1  signal: null
13 info lifecycle react-scripts@0.3.0-alpha~start: Failed to exec start script
14 verbose stack Error: react-scripts@0.3.0-alpha start: `node scripts/start.js --debug-template`
14 verbose stack Exit status 1
14 verbose stack     at EventEmitter.<anonymous> (/usr/local/lib/node_modules/npm/lib/utils/lifecycle.js:242:16)
14 verbose stack     at emitTwo (events.js:106:13)
14 verbose stack     at EventEmitter.emit (events.js:191:7)
14 verbose stack     at ChildProcess.<anonymous> (/usr/local/lib/node_modules/npm/lib/utils/spawn.js:40:14)
14 verbose stack     at emitTwo (events.js:106:13)
14 verbose stack     at ChildProcess.emit (events.js:191:7)
14 verbose stack     at maybeClose (internal/child_process.js:852:16)
14 verbose stack     at Process.ChildProcess._handle.onexit (internal/child_process.js:215:5)
15 verbose pkgid react-scripts@0.3.0-alpha
16 verbose cwd /Users/newton/Science/create-react-app
17 error Darwin 15.6.0
18 error argv "/usr/local/bin/node" "/usr/local/bin/npm" "start"
19 error node v6.3.1
20 error npm  v3.10.3
21 error code ELIFECYCLE
22 error react-scripts@0.3.0-alpha start: `node scripts/start.js --debug-template`
22 error Exit status 1
23 error Failed at the react-scripts@0.3.0-alpha start script 'node scripts/start.js --debug-template'.
23 error Make sure you have the latest version of node.js and npm installed.
23 error If you do, this is most likely a problem with the react-scripts package,
23 error not with npm itself.
23 error Tell the author that this fails on your system:
23 error     node scripts/start.js --debug-template
23 error You can get information on how to open an issue for this project with:
23 error     npm bugs react-scripts
23 error Or if that isn't available, you can get their info via:
23 error     npm owner ls react-scripts
23 error There is likely additional logging output above.
24 verbose exit [ 1, true ]
